[debug] [2019-11-24T16:24:40.009Z] ----------------------------------------------------------------------
[debug] [2019-11-24T16:24:40.011Z] Command:       C:\Program Files\nodejs\node.exe C:\Users\12159\AppData\Roaming\npm\node_modules\firebase-tools\lib\bin\firebase.js init
[debug] [2019-11-24T16:24:40.011Z] CLI Version:   7.8.1
[debug] [2019-11-24T16:24:40.011Z] Platform:      win32
[debug] [2019-11-24T16:24:40.011Z] Node Version:  v12.2.0
[debug] [2019-11-24T16:24:40.012Z] Time:          Sun Nov 24 2019 11:24:40 GMT-0500 (Eastern Standard Time)
[debug] [2019-11-24T16:24:40.012Z] ----------------------------------------------------------------------
[debug] [2019-11-24T16:24:40.012Z] 
[debug] [2019-11-24T16:24:40.018Z] > command requires scopes: ["email","openid","https://www.googleapis.com/auth/cloudplatformprojects.readonly","https://www.googleapis.com/auth/firebase","https://www.googleapis.com/auth/cloud-platform"]
[debug] [2019-11-24T16:24:40.018Z] > authorizing via signed-in user
[info] 
     ######## #### ########  ######## ########     ###     ######  ########
     ##        ##  ##     ## ##       ##     ##  ##   ##  ##       ##
     ######    ##  ########  ######   ########  #########  ######  ######
     ##        ##  ##    ##  ##       ##     ## ##     ##       ## ##
     ##       #### ##     ## ######## ########  ##     ##  ######  ########

You're about to initialize a Firebase project in this directory:

  C:\Users\12159\Projects\amikka\amikka-frontend-react\amikka-frontend

Before we get started, keep in mind:

  * You are initializing in an existing Firebase project directory

[info] 
=== Project Setup
[info] 
[info] First, let's associate this project directory with a Firebase project.
[info] You can create multiple project aliases by running firebase use --add, 
[info] but for now we'll just set up a default project.
[info] 
[info] i  .firebaserc already has a default project, using amikka-tutoring.
[debug] [2019-11-24T16:25:06.373Z] >>> HTTP REQUEST GET https://firebase.googleapis.com/v1beta1/projects/amikka-tutoring  
 
[debug] [2019-11-24T16:25:06.613Z] <<< HTTP RESPONSE 200
[info] 
=== Functions Setup
[info] 
[info] A functions directory will be created in your project with a Node.js
[info] package pre-configured. Functions can be deployed with firebase deploy.
[info] 
[debug] [2019-11-24T16:25:06.617Z] > command requires scopes: ["email","openid","https://www.googleapis.com/auth/cloudplatformprojects.readonly","https://www.googleapis.com/auth/firebase","https://www.googleapis.com/auth/cloud-platform"]
[debug] [2019-11-24T16:25:06.618Z] > authorizing via signed-in user
[debug] [2019-11-24T16:25:06.618Z] [iam] checking project amikka-tutoring for permissions ["firebase.projects.get"]
[debug] [2019-11-24T16:25:06.618Z] >>> HTTP REQUEST POST https://cloudresourcemanager.googleapis.com/v1/projects/amikka-tutoring:testIamPermissions  

[debug] [2019-11-24T16:25:06.841Z] <<< HTTP RESPONSE 200
[debug] [2019-11-24T16:25:06.842Z] >>> HTTP REQUEST POST https://serviceusage.googleapis.com/v1/projects/amikka-tutoring/services/cloudfunctions.googleapis.com:enable  
 
[debug] [2019-11-24T16:25:06.842Z] >>> HTTP REQUEST POST https://serviceusage.googleapis.com/v1/projects/amikka-tutoring/services/runtimeconfig.googleapis.com:enable  
 
[debug] [2019-11-24T16:25:07.269Z] <<< HTTP RESPONSE 200
[debug] [2019-11-24T16:25:07.276Z] <<< HTTP RESPONSE 200
[info] +  Wrote functions/package.json
[info] +  Wrote functions/.eslintrc.json
[info] +  Wrote functions/index.js
[info] +  Wrote functions/.gitignore
[info] 
=== Hosting Setup
[info] 
[info] Your public directory is the folder (relative to your project directory) that
[info] will contain Hosting assets to be uploaded with firebase deploy. If you
[info] have a build process for your assets, use your build's output directory.
[info] 
[debug] [2019-11-24T16:26:35.247Z] >>> HTTP REQUEST GET https://www.gstatic.com/firebasejs/releases.json  
 
[debug] [2019-11-24T16:26:35.311Z] <<< HTTP RESPONSE 200
[debug] [2019-11-24T16:26:36.361Z] Error: EEXIST: file already exists, mkdir 'C:\Users\12159\Projects\amikka\amikka-frontend-react\amikka-frontend'
    at Object.mkdirSync (fs.js:761:3)
    at mkdirsSync (C:\Users\12159\AppData\Roaming\npm\node_modules\firebase-tools\node_modules\fs-extra\lib\mkdirs\mkdirs-sync.js:22:9)
    at mkdirsSync (C:\Users\12159\AppData\Roaming\npm\node_modules\firebase-tools\node_modules\fs-extra\lib\mkdirs\mkdirs-sync.js:27:16)
    at mkdirsSync (C:\Users\12159\AppData\Roaming\npm\node_modules\firebase-tools\node_modules\fs-extra\lib\mkdirs\mkdirs-sync.js:28:9)
    at mkdirsSync (C:\Users\12159\AppData\Roaming\npm\node_modules\firebase-tools\node_modules\fs-extra\lib\mkdirs\mkdirs-sync.js:28:9)
    at mkdirsSync (C:\Users\12159\AppData\Roaming\npm\node_modules\firebase-tools\node_modules\fs-extra\lib\mkdirs\mkdirs-sync.js:28:9)
    at mkdirsSync (C:\Users\12159\AppData\Roaming\npm\node_modules\firebase-tools\node_modules\fs-extra\lib\mkdirs\mkdirs-sync.js:28:9)
    at mkdirsSync (C:\Users\12159\AppData\Roaming\npm\node_modules\firebase-tools\node_modules\fs-extra\lib\mkdirs\mkdirs-sync.js:28:9)
    at mkdirsSync (C:\Users\12159\AppData\Roaming\npm\node_modules\firebase-tools\node_modules\fs-extra\lib\mkdirs\mkdirs-sync.js:28:9)
    at mkdirsSync (C:\Users\12159\AppData\Roaming\npm\node_modules\firebase-tools\node_modules\fs-extra\lib\mkdirs\mkdirs-sync.js:28:9)
    at mkdirsSync (C:\Users\12159\AppData\Roaming\npm\node_modules\firebase-tools\node_modules\fs-extra\lib\mkdirs\mkdirs-sync.js:28:9)
    at mkdirsSync (C:\Users\12159\AppData\Roaming\npm\node_modules\firebase-tools\node_modules\fs-extra\lib\mkdirs\mkdirs-sync.js:28:9)
    at mkdirsSync (C:\Users\12159\AppData\Roaming\npm\node_modules\firebase-tools\node_modules\fs-extra\lib\mkdirs\mkdirs-sync.js:28:9)
    at mkdirsSync (C:\Users\12159\AppData\Roaming\npm\node_modules\firebase-tools\node_modules\fs-extra\lib\mkdirs\mkdirs-sync.js:28:9)
    at mkdirsSync (C:\Users\12159\AppData\Roaming\npm\node_modules\firebase-tools\node_modules\fs-extra\lib\mkdirs\mkdirs-sync.js:28:9)
    at mkdirsSync (C:\Users\12159\AppData\Roaming\npm\node_modules\firebase-tools\node_modules\fs-extra\lib\mkdirs\mkdirs-sync.js:28:9)
[error] 
[error] Error: An unexpected error has occurred.
